Using pre-set license
Built from '2021.3/staging' branch; Version is '2021.3.11f1 (0a5ca18544bf) revision 679073'; Using compiler version '192829333'; Build Type 'Release'
OS: 'Windows 11  (10.0.22621) 64bit Core' Language: 'ko' Physical Memory: 12139 MB
BatchMode: 1, IsHumanControllingUs: 0, StartBugReporterOnCrash: 0, Is64bit: 1, IsPro: 1

COMMAND LINE ARGUMENTS:
D:\Program Files\Unity Hub\2021.3.11f1\Editor\Unity.exe
-adb2
-batchMode
-noUpm
-name
AssetImportWorker2
-projectPath
D:/git/UnityGame_Monster/Monster
-logFile
Logs/AssetImportWorker2.log
-srvPort
11347
Successfully changed project path to: D:/git/UnityGame_Monster/Monster
D:/git/UnityGame_Monster/Monster
[UnityMemory] Configuration Parameters - Can be set up in boot.config
    "memorysetup-bucket-allocator-granularity=16"
    "memorysetup-bucket-allocator-bucket-count=8"
    "memorysetup-bucket-allocator-block-size=33554432"
    "memorysetup-bucket-allocator-block-count=8"
    "memorysetup-main-allocator-block-size=16777216"
    "memorysetup-thread-allocator-block-size=16777216"
    "memorysetup-gfx-main-allocator-block-size=16777216"
    "memorysetup-gfx-thread-allocator-block-size=16777216"
    "memorysetup-cache-allocator-block-size=4194304"
    "memorysetup-typetree-allocator-block-size=2097152"
    "memorysetup-profiler-bucket-allocator-granularity=16"
    "memorysetup-profiler-bucket-allocator-bucket-count=8"
    "memorysetup-profiler-bucket-allocator-block-size=33554432"
    "memorysetup-profiler-bucket-allocator-block-count=8"
    "memorysetup-profiler-allocator-block-size=16777216"
    "memorysetup-profiler-editor-allocator-block-size=1048576"
    "memorysetup-temp-allocator-size-main=16777216"
    "memorysetup-job-temp-allocator-block-size=2097152"
    "memorysetup-job-temp-allocator-block-size-background=1048576"
    "memorysetup-job-temp-allocator-reduction-small-platforms=262144"
    "memorysetup-temp-allocator-size-background-worker=32768"
    "memorysetup-temp-allocator-size-job-worker=262144"
    "memorysetup-temp-allocator-size-preload-manager=33554432"
    "memorysetup-temp-allocator-size-nav-mesh-worker=65536"
    "memorysetup-temp-allocator-size-audio-worker=65536"
    "memorysetup-temp-allocator-size-cloud-worker=32768"
    "memorysetup-temp-allocator-size-gi-baking-worker=262144"
    "memorysetup-temp-allocator-size-gfx=262144"
Refreshing native plugins compatible for Editor in 293.65 ms, found 4 plugins.
Preloading 0 native plugins for Editor in 0.00 ms.
Initialize engine version: 2021.3.11f1 (0a5ca18544bf)
[Subsystems] Discovering subsystems at path D:/Program Files/Unity Hub/2021.3.11f1/Editor/Data/Resources/UnitySubsystems
[Subsystems] Discovering subsystems at path D:/git/UnityGame_Monster/Monster/Assets
GfxDevice: creating device client; threaded=0; jobified=0
Direct3D:
    Version:  Direct3D 11.0 [level 11.1]
    Renderer: NVIDIA GeForce MX250 (ID=0x1d13)
    Vendor:   NVIDIA
    VRAM:     1983 MB
    Driver:   30.0.15.1169
Initialize mono
Mono path[0] = 'D:/Program Files/Unity Hub/2021.3.11f1/Editor/Data/Managed'
Mono path[1] = 'D:/Program Files/Unity Hub/2021.3.11f1/Editor/Data/MonoBleedingEdge/lib/mono/unityjit-win32'
Mono config path = 'D:/Program Files/Unity Hub/2021.3.11f1/Editor/Data/MonoBleedingEdge/etc'
Using monoOptions --debugger-agent=transport=dt_socket,embedding=1,server=y,suspend=n,address=127.0.0.1:56344
Begin MonoManager ReloadAssembly
Registering precompiled unity dll's ...
Register platform support module: D:/Program Files/Unity Hub/2021.3.11f1/Editor/Data/PlaybackEngines/WindowsStandaloneSupport/UnityEditor.WindowsStandalone.Extensions.dll
Registered in 0.005843 seconds.
Native extension for WindowsStandalone target not found
Refreshing native plugins compatible for Editor in 343.84 ms, found 4 plugins.
Preloading 0 native plugins for Editor in 0.00 ms.
Mono: successfully reloaded assembly
- Completed reload, in  2.259 seconds
Domain Reload Profiling:
	ReloadAssembly (2262ms)
		BeginReloadAssembly (277ms)
			ExecutionOrderSort (0ms)
			DisableScriptedObjects (0ms)
			BackupInstance (0ms)
			ReleaseScriptingObjects (0ms)
			CreateAndSetChildDomain (2ms)
		EndReloadAssembly (1665ms)
			LoadAssemblies (276ms)
			RebuildTransferFunctionScriptingTraits (0ms)
			SetupTypeCache (367ms)
			ReleaseScriptCaches (0ms)
			RebuildScriptCaches (96ms)
			SetupLoadedEditorAssemblies (1037ms)
				LogAssemblyErrors (0ms)
				InitializePlatformSupportModulesInManaged (21ms)
				SetLoadedEditorAssemblies (1ms)
				RefreshPlugins (344ms)
				BeforeProcessingInitializeOnLoad (4ms)
				ProcessInitializeOnLoadAttributes (415ms)
				ProcessInitializeOnLoadMethodAttributes (251ms)
				AfterProcessingInitializeOnLoad (0ms)
				EditorAssembliesLoaded (1ms)
			ExecutionOrderSort2 (0ms)
			AwakeInstancesAfterBackupRestoration (0ms)
Platform modules already initialized, skipping
Registering precompiled user dll's ...
Registered in 0.040412 seconds.
Begin MonoManager ReloadAssembly
Symbol file LoadedFromMemory doesn't match image D:\git\UnityGame_Monster\Monster\Library\PackageCache\com.unity.visualscripting@1.7.8\Editor\VisualScripting.Core\Dependencies\YamlDotNet\Unity.VisualScripting.YamlDotNet.dll
Symbol file LoadedFromMemory doesn't match image D:\git\UnityGame_Monster\Monster\Library\PackageCache\com.unity.visualscripting@1.7.8\Editor\VisualScripting.Core\Dependencies\DotNetZip\Unity.VisualScripting.IonicZip.dll
Native extension for WindowsStandalone target not found
Refreshing native plugins compatible for Editor in 1051.93 ms, found 4 plugins.
Preloading 0 native plugins for Editor in 0.00 ms.
Mono: successfully reloaded assembly
- Completed reload, in  7.607 seconds
Domain Reload Profiling:
	ReloadAssembly (7617ms)
		BeginReloadAssembly (461ms)
			ExecutionOrderSort (0ms)
			DisableScriptedObjects (25ms)
			BackupInstance (0ms)
			ReleaseScriptingObjects (0ms)
			CreateAndSetChildDomain (65ms)
		EndReloadAssembly (6712ms)
			LoadAssemblies (397ms)
			RebuildTransferFunctionScriptingTraits (0ms)
			SetupTypeCache (1638ms)
			ReleaseScriptCaches (2ms)
			RebuildScriptCaches (277ms)
			SetupLoadedEditorAssemblies (3809ms)
				LogAssemblyErrors (0ms)
				InitializePlatformSupportModulesInManaged (11ms)
				SetLoadedEditorAssemblies (0ms)
				RefreshPlugins (1052ms)
				BeforeProcessingInitializeOnLoad (446ms)
				ProcessInitializeOnLoadAttributes (1155ms)
				ProcessInitializeOnLoadMethodAttributes (1111ms)
				AfterProcessingInitializeOnLoad (32ms)
				EditorAssembliesLoaded (1ms)
			ExecutionOrderSort2 (0ms)
			AwakeInstancesAfterBackupRestoration (378ms)
Platform modules already initialized, skipping
========================================================================
Worker process is ready to serve import requests
Launched and connected shader compiler UnityShaderCompiler.exe after 0.23 seconds
Refreshing native plugins compatible for Editor in 3.52 ms, found 4 plugins.
Preloading 0 native plugins for Editor in 0.00 ms.
Unloading 4429 Unused Serialized files (Serialized files now loaded: 0)
Unloading 69 unused Assets / (1.5 MB). Loaded Objects now: 4868.
Memory consumption went from 177.5 MB to 176.0 MB.
Total: 41.868700 ms (FindLiveObjects: 0.912600 ms CreateObjectMapping: 0.948900 ms MarkObjects: 37.508400 ms  DeleteObjects: 2.496200 ms)

AssetImportParameters requested are different than current active one (requested -> active):
  custom:video-decoder-ogg-theora: a1e56fd34408186e4bbccfd4996cb3dc -> 
  custom:container-muxer-webm: aa71ff27fc2769a1b78a27578f13a17b -> 
  custom:container-demuxer-webm: 4f35f7cbe854078d1ac9338744f61a02 -> 
  custom:video-encoder-webm-vp8: eb34c28f22e8b96e1ab97ce403110664 -> 
  custom:audio-encoder-webm-vorbis: bf7c407c2cedff20999df2af8eb42d56 -> 
  custom:framework-win-MediaFoundation: 216162199b28c13a410421893ffa2e32 -> 
  custom:container-demuxer-ogg: 62fdf1f143b41e24485cea50d1cbac27 -> 
  custom:video-decoder-webm-vp8: 9c59270c3fd7afecdb556c50c9e8de78 -> 
  custom:audio-decoder-ogg-vorbis: bf7c407c2cedff20999df2af8eb42d56 -> 
========================================================================
Received Import Request.
  Time since last request: 443236.648459 seconds.
  path: Assets/M/Script/DialogueManager.cs
  artifactKey: Guid(5675d5586bafede41b01ff7b6ea8995c) Importer(815301076,1909f56bfc062723c751e8b465ee728b)
Start importing Assets/M/Script/DialogueManager.cs using Guid(5675d5586bafede41b01ff7b6ea8995c) Importer(815301076,1909f56bfc062723c751e8b465ee728b)  -> (artifact id: '493418e6da4dba08c7c550d29fbadbff') in 0.101386 seconds 
========================================================================
Received Prepare
Registering precompiled user dll's ...
Registered in 0.032771 seconds.
Begin MonoManager ReloadAssembly
Symbol file LoadedFromMemory doesn't match image D:\git\UnityGame_Monster\Monster\Library\PackageCache\com.unity.visualscripting@1.7.8\Editor\VisualScripting.Core\Dependencies\YamlDotNet\Unity.VisualScripting.YamlDotNet.dll
Symbol file LoadedFromMemory doesn't match image D:\git\UnityGame_Monster\Monster\Library\PackageCache\com.unity.visualscripting@1.7.8\Editor\VisualScripting.Core\Dependencies\DotNetZip\Unity.VisualScripting.IonicZip.dll
Native extension for WindowsStandalone target not found
Refreshing native plugins compatible for Editor in 2.97 ms, found 4 plugins.
Preloading 0 native plugins for Editor in 0.00 ms.
Mono: successfully reloaded assembly
- Completed reload, in  4.231 seconds
Domain Reload Profiling:
	ReloadAssembly (4232ms)
		BeginReloadAssembly (587ms)
			ExecutionOrderSort (0ms)
			DisableScriptedObjects (19ms)
			BackupInstance (0ms)
			ReleaseScriptingObjects (0ms)
			CreateAndSetChildDomain (168ms)
		EndReloadAssembly (3302ms)
			LoadAssemblies (496ms)
			RebuildTransferFunctionScriptingTraits (0ms)
			SetupTypeCache (1005ms)
			ReleaseScriptCaches (3ms)
			RebuildScriptCaches (180ms)
			SetupLoadedEditorAssemblies (1488ms)
				LogAssemblyErrors (0ms)
				InitializePlatformSupportModulesInManaged (42ms)
				SetLoadedEditorAssemblies (2ms)
				RefreshPlugins (3ms)
				BeforeProcessingInitializeOnLoad (397ms)
				ProcessInitializeOnLoadAttributes (893ms)
				ProcessInitializeOnLoadMethodAttributes (145ms)
				AfterProcessingInitializeOnLoad (6ms)
				EditorAssembliesLoaded (1ms)
			ExecutionOrderSort2 (0ms)
			AwakeInstancesAfterBackupRestoration (40ms)
Platform modules already initialized, skipping
Refreshing native plugins compatible for Editor in 6.41 ms, found 4 plugins.
Preloading 0 native plugins for Editor in 0.00 ms.
Unloading 4384 Unused Serialized files (Serialized files now loaded: 0)
Unloading 44 unused Assets / (1.5 MB). Loaded Objects now: 4883.
Memory consumption went from 173.3 MB to 171.8 MB.
Total: 7.274200 ms (FindLiveObjects: 0.506800 ms CreateObjectMapping: 0.409800 ms MarkObjects: 5.808000 ms  DeleteObjects: 0.547600 ms)

AssetImportParameters requested are different than current active one (requested -> active):
  custom:video-decoder-ogg-theora: a1e56fd34408186e4bbccfd4996cb3dc -> 
  custom:container-muxer-webm: aa71ff27fc2769a1b78a27578f13a17b -> 
  custom:container-demuxer-webm: 4f35f7cbe854078d1ac9338744f61a02 -> 
  custom:video-encoder-webm-vp8: eb34c28f22e8b96e1ab97ce403110664 -> 
  custom:audio-encoder-webm-vorbis: bf7c407c2cedff20999df2af8eb42d56 -> 
  custom:framework-win-MediaFoundation: 216162199b28c13a410421893ffa2e32 -> 
  custom:container-demuxer-ogg: 62fdf1f143b41e24485cea50d1cbac27 -> 
  custom:video-decoder-webm-vp8: 9c59270c3fd7afecdb556c50c9e8de78 -> 
  custom:audio-decoder-ogg-vorbis: bf7c407c2cedff20999df2af8eb42d56 -> 
========================================================================
Received Prepare
Registering precompiled user dll's ...
Registered in 0.011137 seconds.
Begin MonoManager ReloadAssembly
Symbol file LoadedFromMemory doesn't match image D:\git\UnityGame_Monster\Monster\Library\PackageCache\com.unity.visualscripting@1.7.8\Editor\VisualScripting.Core\Dependencies\YamlDotNet\Unity.VisualScripting.YamlDotNet.dll
Symbol file LoadedFromMemory doesn't match image D:\git\UnityGame_Monster\Monster\Library\PackageCache\com.unity.visualscripting@1.7.8\Editor\VisualScripting.Core\Dependencies\DotNetZip\Unity.VisualScripting.IonicZip.dll
Native extension for WindowsStandalone target not found
Refreshing native plugins compatible for Editor in 1.60 ms, found 4 plugins.
Preloading 0 native plugins for Editor in 0.00 ms.
Mono: successfully reloaded assembly
- Completed reload, in  1.876 seconds
Domain Reload Profiling:
	ReloadAssembly (1877ms)
		BeginReloadAssembly (201ms)
			ExecutionOrderSort (0ms)
			DisableScriptedObjects (8ms)
			BackupInstance (0ms)
			ReleaseScriptingObjects (0ms)
			CreateAndSetChildDomain (53ms)
		EndReloadAssembly (1536ms)
			LoadAssemblies (165ms)
			RebuildTransferFunctionScriptingTraits (0ms)
			SetupTypeCache (435ms)
			ReleaseScriptCaches (3ms)
			RebuildScriptCaches (122ms)
			SetupLoadedEditorAssemblies (726ms)
				LogAssemblyErrors (0ms)
				InitializePlatformSupportModulesInManaged (23ms)
				SetLoadedEditorAssemblies (8ms)
				RefreshPlugins (2ms)
				BeforeProcessingInitializeOnLoad (135ms)
				ProcessInitializeOnLoadAttributes (481ms)
				ProcessInitializeOnLoadMethodAttributes (73ms)
				AfterProcessingInitializeOnLoad (3ms)
				EditorAssembliesLoaded (0ms)
			ExecutionOrderSort2 (0ms)
			AwakeInstancesAfterBackupRestoration (24ms)
Platform modules already initialized, skipping
Refreshing native plugins compatible for Editor in 3.00 ms, found 4 plugins.
Preloading 0 native plugins for Editor in 0.00 ms.
Unloading 4384 Unused Serialized files (Serialized files now loaded: 0)
Unloading 44 unused Assets / (1.5 MB). Loaded Objects now: 4898.
Memory consumption went from 173.3 MB to 171.8 MB.
Total: 4.743800 ms (FindLiveObjects: 0.321700 ms CreateObjectMapping: 0.279300 ms MarkObjects: 3.752700 ms  DeleteObjects: 0.388900 ms)

AssetImportParameters requested are different than current active one (requested -> active):
  custom:video-decoder-ogg-theora: a1e56fd34408186e4bbccfd4996cb3dc -> 
  custom:container-muxer-webm: aa71ff27fc2769a1b78a27578f13a17b -> 
  custom:container-demuxer-webm: 4f35f7cbe854078d1ac9338744f61a02 -> 
  custom:video-encoder-webm-vp8: eb34c28f22e8b96e1ab97ce403110664 -> 
  custom:audio-encoder-webm-vorbis: bf7c407c2cedff20999df2af8eb42d56 -> 
  custom:framework-win-MediaFoundation: 216162199b28c13a410421893ffa2e32 -> 
  custom:container-demuxer-ogg: 62fdf1f143b41e24485cea50d1cbac27 -> 
  custom:video-decoder-webm-vp8: 9c59270c3fd7afecdb556c50c9e8de78 -> 
  custom:audio-decoder-ogg-vorbis: bf7c407c2cedff20999df2af8eb42d56 -> 
========================================================================
Received Import Request.
  Time since last request: 3169.904182 seconds.
  path: Assets/M/M_Animation/M_Monster/Npc.overrideController
  artifactKey: Guid(ca59c6cd99cdab94498b9a702caac5b8) Importer(815301076,1909f56bfc062723c751e8b465ee728b)
Start importing Assets/M/M_Animation/M_Monster/Npc.overrideController using Guid(ca59c6cd99cdab94498b9a702caac5b8) Importer(815301076,1909f56bfc062723c751e8b465ee728b)  -> (artifact id: '36c4f24a42399b77cc65bc3274618555') in 0.038924 seconds 
========================================================================
Received Import Request.
  Time since last request: 10.593421 seconds.
  path: Assets/M/M_Animation/M_Monster/Monster_Walking_Up.anim
  artifactKey: Guid(ed631c691857d4c42b6bd4ddf77a4532) Importer(815301076,1909f56bfc062723c751e8b465ee728b)
Start importing Assets/M/M_Animation/M_Monster/Monster_Walking_Up.anim using Guid(ed631c691857d4c42b6bd4ddf77a4532) Importer(815301076,1909f56bfc062723c751e8b465ee728b)  -> (artifact id: 'd05c98b74b92df8d58fc89216eb82301') in 0.021818 seconds 
========================================================================
Received Import Request.
  Time since last request: 168.358803 seconds.
  path: Assets/S/Scripts/OrderManager.cs
  artifactKey: Guid(3dc69483c1b5e2f41a363e2401b6fd9e) Importer(815301076,1909f56bfc062723c751e8b465ee728b)
Start importing Assets/S/Scripts/OrderManager.cs using Guid(3dc69483c1b5e2f41a363e2401b6fd9e) Importer(815301076,1909f56bfc062723c751e8b465ee728b)  -> (artifact id: '8fe06a27b34e7e8a5c7a4e25525431c1') in 0.012432 seconds 
========================================================================
Received Import Request.
  Time since last request: 358.862100 seconds.
  path: Assets/S/Scripts/OrderManager.cs
  artifactKey: Guid(3dc69483c1b5e2f41a363e2401b6fd9e) Importer(815301076,1909f56bfc062723c751e8b465ee728b)
Start importing Assets/S/Scripts/OrderManager.cs using Guid(3dc69483c1b5e2f41a363e2401b6fd9e) Importer(815301076,1909f56bfc062723c751e8b465ee728b)  -> (artifact id: 'ffbd8d014f3586f7f4c52b9ecd914649') in 0.003246 seconds 
========================================================================
Received Prepare
Registering precompiled user dll's ...
Registered in 0.009640 seconds.
Begin MonoManager ReloadAssembly
Symbol file LoadedFromMemory doesn't match image D:\git\UnityGame_Monster\Monster\Library\PackageCache\com.unity.visualscripting@1.7.8\Editor\VisualScripting.Core\Dependencies\YamlDotNet\Unity.VisualScripting.YamlDotNet.dll
Symbol file LoadedFromMemory doesn't match image D:\git\UnityGame_Monster\Monster\Library\PackageCache\com.unity.visualscripting@1.7.8\Editor\VisualScripting.Core\Dependencies\DotNetZip\Unity.VisualScripting.IonicZip.dll
Native extension for WindowsStandalone target not found
Refreshing native plugins compatible for Editor in 1.07 ms, found 4 plugins.
Preloading 0 native plugins for Editor in 0.00 ms.
Mono: successfully reloaded assembly
- Completed reload, in  1.758 seconds
Domain Reload Profiling:
	ReloadAssembly (1759ms)
		BeginReloadAssembly (372ms)
			ExecutionOrderSort (0ms)
			DisableScriptedObjects (12ms)
			BackupInstance (0ms)
			ReleaseScriptingObjects (0ms)
			CreateAndSetChildDomain (155ms)
		EndReloadAssembly (1227ms)
			LoadAssemblies (221ms)
			RebuildTransferFunctionScriptingTraits (0ms)
			SetupTypeCache (407ms)
			ReleaseScriptCaches (3ms)
			RebuildScriptCaches (74ms)
			SetupLoadedEditorAssemblies (538ms)
				LogAssemblyErrors (0ms)
				InitializePlatformSupportModulesInManaged (13ms)
				SetLoadedEditorAssemblies (1ms)
				RefreshPlugins (1ms)
				BeforeProcessingInitializeOnLoad (94ms)
				ProcessInitializeOnLoadAttributes (369ms)
				ProcessInitializeOnLoadMethodAttributes (57ms)
				AfterProcessingInitializeOnLoad (4ms)
				EditorAssembliesLoaded (0ms)
			ExecutionOrderSort2 (0ms)
			AwakeInstancesAfterBackupRestoration (18ms)
Platform modules already initialized, skipping
Refreshing native plugins compatible for Editor in 5.41 ms, found 4 plugins.
Preloading 0 native plugins for Editor in 0.00 ms.
Unloading 4384 Unused Serialized files (Serialized files now loaded: 0)
Unloading 44 unused Assets / (1.5 MB). Loaded Objects now: 4914.
Memory consumption went from 173.3 MB to 171.8 MB.
Total: 4.898700 ms (FindLiveObjects: 0.383300 ms CreateObjectMapping: 0.342300 ms MarkObjects: 3.798600 ms  DeleteObjects: 0.373300 ms)

AssetImportParameters requested are different than current active one (requested -> active):
  custom:video-decoder-ogg-theora: a1e56fd34408186e4bbccfd4996cb3dc -> 
  custom:container-muxer-webm: aa71ff27fc2769a1b78a27578f13a17b -> 
  custom:container-demuxer-webm: 4f35f7cbe854078d1ac9338744f61a02 -> 
  custom:video-encoder-webm-vp8: eb34c28f22e8b96e1ab97ce403110664 -> 
  custom:audio-encoder-webm-vorbis: bf7c407c2cedff20999df2af8eb42d56 -> 
  custom:framework-win-MediaFoundation: 216162199b28c13a410421893ffa2e32 -> 
  custom:container-demuxer-ogg: 62fdf1f143b41e24485cea50d1cbac27 -> 
  custom:video-decoder-webm-vp8: 9c59270c3fd7afecdb556c50c9e8de78 -> 
  custom:audio-decoder-ogg-vorbis: bf7c407c2cedff20999df2af8eb42d56 -> 
========================================================================
Received Import Request.
  Time since last request: 193.234684 seconds.
  path: Assets/S/Scripts/OrderManager.cs
  artifactKey: Guid(3dc69483c1b5e2f41a363e2401b6fd9e) Importer(815301076,1909f56bfc062723c751e8b465ee728b)
Start importing Assets/S/Scripts/OrderManager.cs using Guid(3dc69483c1b5e2f41a363e2401b6fd9e) Importer(815301076,1909f56bfc062723c751e8b465ee728b)  -> (artifact id: '71e5cc16723d4b2de46579696929475a') in 0.010779 seconds 
========================================================================
Received Prepare
Registering precompiled user dll's ...
Registered in 0.011181 seconds.
Begin MonoManager ReloadAssembly
Symbol file LoadedFromMemory doesn't match image D:\git\UnityGame_Monster\Monster\Library\PackageCache\com.unity.visualscripting@1.7.8\Editor\VisualScripting.Core\Dependencies\YamlDotNet\Unity.VisualScripting.YamlDotNet.dll
Symbol file LoadedFromMemory doesn't match image D:\git\UnityGame_Monster\Monster\Library\PackageCache\com.unity.visualscripting@1.7.8\Editor\VisualScripting.Core\Dependencies\DotNetZip\Unity.VisualScripting.IonicZip.dll
Native extension for WindowsStandalone target not found
Refreshing native plugins compatible for Editor in 1.46 ms, found 4 plugins.
Preloading 0 native plugins for Editor in 0.00 ms.
Mono: successfully reloaded assembly
- Completed reload, in  1.536 seconds
Domain Reload Profiling:
	ReloadAssembly (1537ms)
		BeginReloadAssembly (181ms)
			ExecutionOrderSort (0ms)
			DisableScriptedObjects (7ms)
			BackupInstance (0ms)
			ReleaseScriptingObjects (0ms)
			CreateAndSetChildDomain (49ms)
		EndReloadAssembly (1191ms)
			LoadAssemblies (158ms)
			RebuildTransferFunctionScriptingTraits (0ms)
			SetupTypeCache (410ms)
			ReleaseScriptCaches (2ms)
			RebuildScriptCaches (79ms)
			SetupLoadedEditorAssemblies (500ms)
				LogAssemblyErrors (0ms)
				InitializePlatformSupportModulesInManaged (14ms)
				SetLoadedEditorAssemblies (1ms)
				RefreshPlugins (2ms)
				BeforeProcessingInitializeOnLoad (87ms)
				ProcessInitializeOnLoadAttributes (339ms)
				ProcessInitializeOnLoadMethodAttributes (54ms)
				AfterProcessingInitializeOnLoad (3ms)
				EditorAssembliesLoaded (0ms)
			ExecutionOrderSort2 (0ms)
			AwakeInstancesAfterBackupRestoration (16ms)
Platform modules already initialized, skipping
Refreshing native plugins compatible for Editor in 3.00 ms, found 4 plugins.
Preloading 0 native plugins for Editor in 0.00 ms.
Unloading 4384 Unused Serialized files (Serialized files now loaded: 0)
Unloading 44 unused Assets / (1.5 MB). Loaded Objects now: 4929.
Memory consumption went from 173.3 MB to 171.8 MB.
Total: 5.682800 ms (FindLiveObjects: 0.439900 ms CreateObjectMapping: 0.429500 ms MarkObjects: 4.293100 ms  DeleteObjects: 0.519200 ms)

AssetImportParameters requested are different than current active one (requested -> active):
  custom:video-decoder-ogg-theora: a1e56fd34408186e4bbccfd4996cb3dc -> 
  custom:container-muxer-webm: aa71ff27fc2769a1b78a27578f13a17b -> 
  custom:container-demuxer-webm: 4f35f7cbe854078d1ac9338744f61a02 -> 
  custom:video-encoder-webm-vp8: eb34c28f22e8b96e1ab97ce403110664 -> 
  custom:audio-encoder-webm-vorbis: bf7c407c2cedff20999df2af8eb42d56 -> 
  custom:framework-win-MediaFoundation: 216162199b28c13a410421893ffa2e32 -> 
  custom:container-demuxer-ogg: 62fdf1f143b41e24485cea50d1cbac27 -> 
  custom:video-decoder-webm-vp8: 9c59270c3fd7afecdb556c50c9e8de78 -> 
  custom:audio-decoder-ogg-vorbis: bf7c407c2cedff20999df2af8eb42d56 -> 
========================================================================
Received Import Request.
  Time since last request: 30.857515 seconds.
  path: Assets/S/Scripts/OrderManager.cs
  artifactKey: Guid(3dc69483c1b5e2f41a363e2401b6fd9e) Importer(815301076,1909f56bfc062723c751e8b465ee728b)
Start importing Assets/S/Scripts/OrderManager.cs using Guid(3dc69483c1b5e2f41a363e2401b6fd9e) Importer(815301076,1909f56bfc062723c751e8b465ee728b)  -> (artifact id: '930e8622c788832203ea322a3ce60a4d') in 0.008931 seconds 
========================================================================
Received Import Request.
  Time since last request: 27.832604 seconds.
  path: Assets/M/Script/MovingObject.cs
  artifactKey: Guid(8fea208dda8ff664aab289d71e36e746) Importer(815301076,1909f56bfc062723c751e8b465ee728b)
Start importing Assets/M/Script/MovingObject.cs using Guid(8fea208dda8ff664aab289d71e36e746) Importer(815301076,1909f56bfc062723c751e8b465ee728b)  -> (artifact id: '53563c07d7fab0ae6c53ee7cd64debea') in 0.016783 seconds 
========================================================================
Received Import Request.
  Time since last request: 136.884982 seconds.
  path: Assets/M/Script/MovingObject.cs
  artifactKey: Guid(8fea208dda8ff664aab289d71e36e746) Importer(815301076,1909f56bfc062723c751e8b465ee728b)
Start importing Assets/M/Script/MovingObject.cs using Guid(8fea208dda8ff664aab289d71e36e746) Importer(815301076,1909f56bfc062723c751e8b465ee728b)  -> (artifact id: '512ff44e6552f3472bc45ebf850a6278') in 0.010570 seconds 
========================================================================
Received Import Request.
  Time since last request: 163.445372 seconds.
  path: Assets/M/Script/MovingObject.cs
  artifactKey: Guid(8fea208dda8ff664aab289d71e36e746) Importer(815301076,1909f56bfc062723c751e8b465ee728b)
Start importing Assets/M/Script/MovingObject.cs using Guid(8fea208dda8ff664aab289d71e36e746) Importer(815301076,1909f56bfc062723c751e8b465ee728b)  -> (artifact id: '7da49d965960860dbe24ca87b3f11b49') in 0.012339 seconds 
========================================================================
Received Import Request.
  Time since last request: 30.073020 seconds.
  path: Assets/M/Script/MovingObject.cs
  artifactKey: Guid(8fea208dda8ff664aab289d71e36e746) Importer(815301076,1909f56bfc062723c751e8b465ee728b)
Start importing Assets/M/Script/MovingObject.cs using Guid(8fea208dda8ff664aab289d71e36e746) Importer(815301076,1909f56bfc062723c751e8b465ee728b)  -> (artifact id: '24d4e555c3560725a543e6300ec894df') in 0.005225 seconds 
========================================================================
Received Import Request.
  Time since last request: 1202.914996 seconds.
  path: Assets/S/Scripts/Test.cs
  artifactKey: Guid(7c6eaa55a0a62c24793e205642dd4bfe) Importer(815301076,1909f56bfc062723c751e8b465ee728b)
Start importing Assets/S/Scripts/Test.cs using Guid(7c6eaa55a0a62c24793e205642dd4bfe) Importer(815301076,1909f56bfc062723c751e8b465ee728b)  -> (artifact id: 'f6b3af194a0516cbce9c5d017c024c28') in 0.014763 seconds 
========================================================================
Received Import Request.
  Time since last request: 20.523071 seconds.
  path: Assets/S/Scripts/Test.cs
  artifactKey: Guid(7c6eaa55a0a62c24793e205642dd4bfe) Importer(815301076,1909f56bfc062723c751e8b465ee728b)
Start importing Assets/S/Scripts/Test.cs using Guid(7c6eaa55a0a62c24793e205642dd4bfe) Importer(815301076,1909f56bfc062723c751e8b465ee728b)  -> (artifact id: 'c971fdcd3bfe29ce5a7098c59239e7bd') in 0.004150 seconds 
========================================================================
Received Import Request.
  Time since last request: 34.700501 seconds.
  path: Assets/S/Scripts/Test.cs
  artifactKey: Guid(7c6eaa55a0a62c24793e205642dd4bfe) Importer(815301076,1909f56bfc062723c751e8b465ee728b)
Start importing Assets/S/Scripts/Test.cs using Guid(7c6eaa55a0a62c24793e205642dd4bfe) Importer(815301076,1909f56bfc062723c751e8b465ee728b)  -> (artifact id: '957e3149e37c91b7435f62f1ee63d882') in 0.004097 seconds 
========================================================================
Received Import Request.
  Time since last request: 28.014343 seconds.
  path: Assets/S/Scripts/Test.cs
  artifactKey: Guid(7c6eaa55a0a62c24793e205642dd4bfe) Importer(815301076,1909f56bfc062723c751e8b465ee728b)
Start importing Assets/S/Scripts/Test.cs using Guid(7c6eaa55a0a62c24793e205642dd4bfe) Importer(815301076,1909f56bfc062723c751e8b465ee728b)  -> (artifact id: '29de73ad6342e36aa26009593dd0b900') in 0.006886 seconds 
========================================================================
Received Import Request.
  Time since last request: 12.731600 seconds.
  path: Assets/S/Scripts/Test.cs
  artifactKey: Guid(7c6eaa55a0a62c24793e205642dd4bfe) Importer(815301076,1909f56bfc062723c751e8b465ee728b)
Start importing Assets/S/Scripts/Test.cs using Guid(7c6eaa55a0a62c24793e205642dd4bfe) Importer(815301076,1909f56bfc062723c751e8b465ee728b)  -> (artifact id: '7d95e1df52a7b12afff798529d9cb7c0') in 0.005293 seconds 
========================================================================
Received Import Request.
  Time since last request: 16.091105 seconds.
  path: Assets/S/Scripts/Test.cs
  artifactKey: Guid(7c6eaa55a0a62c24793e205642dd4bfe) Importer(815301076,1909f56bfc062723c751e8b465ee728b)
Start importing Assets/S/Scripts/Test.cs using Guid(7c6eaa55a0a62c24793e205642dd4bfe) Importer(815301076,1909f56bfc062723c751e8b465ee728b)  -> (artifact id: '8753c6a3787aa2763f9e672174c06a7d') in 0.004113 seconds 
========================================================================
Received Import Request.
  Time since last request: 20.253451 seconds.
  path: Assets/S/Scripts/Test.cs
  artifactKey: Guid(7c6eaa55a0a62c24793e205642dd4bfe) Importer(815301076,1909f56bfc062723c751e8b465ee728b)
Start importing Assets/S/Scripts/Test.cs using Guid(7c6eaa55a0a62c24793e205642dd4bfe) Importer(815301076,1909f56bfc062723c751e8b465ee728b)  -> (artifact id: 'a9aa88714f5508e1eb708c11846fbb63') in 0.014921 seconds 
========================================================================
Received Import Request.
  Time since last request: 22.198183 seconds.
  path: Assets/S/Scripts/Test.cs
  artifactKey: Guid(7c6eaa55a0a62c24793e205642dd4bfe) Importer(815301076,1909f56bfc062723c751e8b465ee728b)
Start importing Assets/S/Scripts/Test.cs using Guid(7c6eaa55a0a62c24793e205642dd4bfe) Importer(815301076,1909f56bfc062723c751e8b465ee728b)  -> (artifact id: 'b3d114abea6fa5f154ddd589fbe01ba8') in 0.011799 seconds 
========================================================================
Received Import Request.
  Time since last request: 449.973060 seconds.
  path: Assets/M/Script/NPCManager.cs
  artifactKey: Guid(9e4395b12f8800349a32764fccfdce7e) Importer(815301076,1909f56bfc062723c751e8b465ee728b)
Start importing Assets/M/Script/NPCManager.cs using Guid(9e4395b12f8800349a32764fccfdce7e) Importer(815301076,1909f56bfc062723c751e8b465ee728b)  -> (artifact id: 'a552f59f689c94aeba653806abd6515f') in 0.017401 seconds 
========================================================================
Received Import Request.
  Time since last request: 407.875090 seconds.
  path: Assets/M/Script/NPCManager.cs
  artifactKey: Guid(9e4395b12f8800349a32764fccfdce7e) Importer(815301076,1909f56bfc062723c751e8b465ee728b)
Start importing Assets/M/Script/NPCManager.cs using Guid(9e4395b12f8800349a32764fccfdce7e) Importer(815301076,1909f56bfc062723c751e8b465ee728b)  -> (artifact id: '6697d2d11801bdbad0857913fddd0240') in 0.002984 seconds 
========================================================================
Received Import Request.
  Time since last request: 18.678475 seconds.
  path: Assets/M/Script/NPCManager.cs
  artifactKey: Guid(9e4395b12f8800349a32764fccfdce7e) Importer(815301076,1909f56bfc062723c751e8b465ee728b)
Start importing Assets/M/Script/NPCManager.cs using Guid(9e4395b12f8800349a32764fccfdce7e) Importer(815301076,1909f56bfc062723c751e8b465ee728b)  -> (artifact id: '91448963c4ed770cf980531d98a0553d') in 0.003481 seconds 
========================================================================
Received Prepare
Registering precompiled user dll's ...
Registered in 0.013108 seconds.
Begin MonoManager ReloadAssembly
Symbol file LoadedFromMemory doesn't match image D:\git\UnityGame_Monster\Monster\Library\PackageCache\com.unity.visualscripting@1.7.8\Editor\VisualScripting.Core\Dependencies\YamlDotNet\Unity.VisualScripting.YamlDotNet.dll
Symbol file LoadedFromMemory doesn't match image D:\git\UnityGame_Monster\Monster\Library\PackageCache\com.unity.visualscripting@1.7.8\Editor\VisualScripting.Core\Dependencies\DotNetZip\Unity.VisualScripting.IonicZip.dll
Native extension for WindowsStandalone target not found
Refreshing native plugins compatible for Editor in 1.32 ms, found 4 plugins.
Preloading 0 native plugins for Editor in 0.00 ms.
Mono: successfully reloaded assembly
- Completed reload, in  2.508 seconds
Domain Reload Profiling:
	ReloadAssembly (2509ms)
		BeginReloadAssembly (405ms)
			ExecutionOrderSort (0ms)
			DisableScriptedObjects (19ms)
			BackupInstance (0ms)
			ReleaseScriptingObjects (0ms)
			CreateAndSetChildDomain (121ms)
		EndReloadAssembly (1854ms)
			LoadAssemblies (294ms)
			RebuildTransferFunctionScriptingTraits (0ms)
			SetupTypeCache (751ms)
			ReleaseScriptCaches (3ms)
			RebuildScriptCaches (115ms)
			SetupLoadedEditorAssemblies (695ms)
				LogAssemblyErrors (0ms)
				InitializePlatformSupportModulesInManaged (23ms)
				SetLoadedEditorAssemblies (2ms)
				RefreshPlugins (1ms)
				BeforeProcessingInitializeOnLoad (148ms)
				ProcessInitializeOnLoadAttributes (446ms)
				ProcessInitializeOnLoadMethodAttributes (70ms)
				AfterProcessingInitializeOnLoad (5ms)
				EditorAssembliesLoaded (0ms)
			ExecutionOrderSort2 (0ms)
			AwakeInstancesAfterBackupRestoration (25ms)
Platform modules already initialized, skipping
Refreshing native plugins compatible for Editor in 3.68 ms, found 4 plugins.
Preloading 0 native plugins for Editor in 0.00 ms.
Unloading 4384 Unused Serialized files (Serialized files now loaded: 0)
Unloading 44 unused Assets / (1.5 MB). Loaded Objects now: 4944.
Memory consumption went from 173.3 MB to 171.8 MB.
Total: 7.378400 ms (FindLiveObjects: 0.540900 ms CreateObjectMapping: 0.529000 ms MarkObjects: 5.785100 ms  DeleteObjects: 0.521300 ms)

AssetImportParameters requested are different than current active one (requested -> active):
  custom:video-decoder-ogg-theora: a1e56fd34408186e4bbccfd4996cb3dc -> 
  custom:container-muxer-webm: aa71ff27fc2769a1b78a27578f13a17b -> 
  custom:container-demuxer-webm: 4f35f7cbe854078d1ac9338744f61a02 -> 
  custom:video-encoder-webm-vp8: eb34c28f22e8b96e1ab97ce403110664 -> 
  custom:audio-encoder-webm-vorbis: bf7c407c2cedff20999df2af8eb42d56 -> 
  custom:framework-win-MediaFoundation: 216162199b28c13a410421893ffa2e32 -> 
  custom:container-demuxer-ogg: 62fdf1f143b41e24485cea50d1cbac27 -> 
  custom:video-decoder-webm-vp8: 9c59270c3fd7afecdb556c50c9e8de78 -> 
  custom:audio-decoder-ogg-vorbis: bf7c407c2cedff20999df2af8eb42d56 -> 
