Using pre-set license
Built from '2021.3/staging' branch; Version is '2021.3.11f1 (0a5ca18544bf) revision 679073'; Using compiler version '192829333'; Build Type 'Release'
OS: 'Windows 11  (10.0.22621) 64bit Core' Language: 'ko' Physical Memory: 12139 MB
BatchMode: 1, IsHumanControllingUs: 0, StartBugReporterOnCrash: 0, Is64bit: 1, IsPro: 1

COMMAND LINE ARGUMENTS:
D:\Program Files\Unity Hub\2021.3.11f1\Editor\Unity.exe
-adb2
-batchMode
-noUpm
-name
AssetImportWorker0
-projectPath
D:/git/UnityGame_Monster/Monster
-logFile
Logs/AssetImportWorker0.log
-srvPort
4885
Successfully changed project path to: D:/git/UnityGame_Monster/Monster
D:/git/UnityGame_Monster/Monster
[UnityMemory] Configuration Parameters - Can be set up in boot.config
    "memorysetup-bucket-allocator-granularity=16"
    "memorysetup-bucket-allocator-bucket-count=8"
    "memorysetup-bucket-allocator-block-size=33554432"
    "memorysetup-bucket-allocator-block-count=8"
    "memorysetup-main-allocator-block-size=16777216"
    "memorysetup-thread-allocator-block-size=16777216"
    "memorysetup-gfx-main-allocator-block-size=16777216"
    "memorysetup-gfx-thread-allocator-block-size=16777216"
    "memorysetup-cache-allocator-block-size=4194304"
    "memorysetup-typetree-allocator-block-size=2097152"
    "memorysetup-profiler-bucket-allocator-granularity=16"
    "memorysetup-profiler-bucket-allocator-bucket-count=8"
    "memorysetup-profiler-bucket-allocator-block-size=33554432"
    "memorysetup-profiler-bucket-allocator-block-count=8"
    "memorysetup-profiler-allocator-block-size=16777216"
    "memorysetup-profiler-editor-allocator-block-size=1048576"
    "memorysetup-temp-allocator-size-main=16777216"
    "memorysetup-job-temp-allocator-block-size=2097152"
    "memorysetup-job-temp-allocator-block-size-background=1048576"
    "memorysetup-job-temp-allocator-reduction-small-platforms=262144"
    "memorysetup-temp-allocator-size-background-worker=32768"
    "memorysetup-temp-allocator-size-job-worker=262144"
    "memorysetup-temp-allocator-size-preload-manager=33554432"
    "memorysetup-temp-allocator-size-nav-mesh-worker=65536"
    "memorysetup-temp-allocator-size-audio-worker=65536"
    "memorysetup-temp-allocator-size-cloud-worker=32768"
    "memorysetup-temp-allocator-size-gi-baking-worker=262144"
    "memorysetup-temp-allocator-size-gfx=262144"
Refreshing native plugins compatible for Editor in 130.34 ms, found 4 plugins.
Preloading 0 native plugins for Editor in 0.00 ms.
Initialize engine version: 2021.3.11f1 (0a5ca18544bf)
[Subsystems] Discovering subsystems at path D:/Program Files/Unity Hub/2021.3.11f1/Editor/Data/Resources/UnitySubsystems
[Subsystems] Discovering subsystems at path D:/git/UnityGame_Monster/Monster/Assets
GfxDevice: creating device client; threaded=0; jobified=0
Direct3D:
    Version:  Direct3D 11.0 [level 11.1]
    Renderer: NVIDIA GeForce MX250 (ID=0x1d13)
    Vendor:   NVIDIA
    VRAM:     1983 MB
    Driver:   30.0.15.1169
Initialize mono
Mono path[0] = 'D:/Program Files/Unity Hub/2021.3.11f1/Editor/Data/Managed'
Mono path[1] = 'D:/Program Files/Unity Hub/2021.3.11f1/Editor/Data/MonoBleedingEdge/lib/mono/unityjit-win32'
Mono config path = 'D:/Program Files/Unity Hub/2021.3.11f1/Editor/Data/MonoBleedingEdge/etc'
Using monoOptions --debugger-agent=transport=dt_socket,embedding=1,server=y,suspend=n,address=127.0.0.1:56484
Begin MonoManager ReloadAssembly
Registering precompiled unity dll's ...
Register platform support module: D:/Program Files/Unity Hub/2021.3.11f1/Editor/Data/PlaybackEngines/WindowsStandaloneSupport/UnityEditor.WindowsStandalone.Extensions.dll
Registered in 0.003378 seconds.
Native extension for WindowsStandalone target not found
Refreshing native plugins compatible for Editor in 133.29 ms, found 4 plugins.
Preloading 0 native plugins for Editor in 0.00 ms.
Mono: successfully reloaded assembly
- Completed reload, in  0.991 seconds
Domain Reload Profiling:
	ReloadAssembly (992ms)
		BeginReloadAssembly (158ms)
			ExecutionOrderSort (0ms)
			DisableScriptedObjects (0ms)
			BackupInstance (0ms)
			ReleaseScriptingObjects (0ms)
			CreateAndSetChildDomain (1ms)
		EndReloadAssembly (695ms)
			LoadAssemblies (156ms)
			RebuildTransferFunctionScriptingTraits (0ms)
			SetupTypeCache (157ms)
			ReleaseScriptCaches (0ms)
			RebuildScriptCaches (41ms)
			SetupLoadedEditorAssemblies (432ms)
				LogAssemblyErrors (0ms)
				InitializePlatformSupportModulesInManaged (8ms)
				SetLoadedEditorAssemblies (0ms)
				RefreshPlugins (133ms)
				BeforeProcessingInitializeOnLoad (2ms)
				ProcessInitializeOnLoadAttributes (215ms)
				ProcessInitializeOnLoadMethodAttributes (74ms)
				AfterProcessingInitializeOnLoad (0ms)
				EditorAssembliesLoaded (0ms)
			ExecutionOrderSort2 (0ms)
			AwakeInstancesAfterBackupRestoration (0ms)
Platform modules already initialized, skipping
Registering precompiled user dll's ...
Registered in 0.009002 seconds.
Begin MonoManager ReloadAssembly
Symbol file LoadedFromMemory doesn't match image D:\git\UnityGame_Monster\Monster\Library\PackageCache\com.unity.visualscripting@1.7.8\Editor\VisualScripting.Core\Dependencies\YamlDotNet\Unity.VisualScripting.YamlDotNet.dll
Symbol file LoadedFromMemory doesn't match image D:\git\UnityGame_Monster\Monster\Library\PackageCache\com.unity.visualscripting@1.7.8\Editor\VisualScripting.Core\Dependencies\DotNetZip\Unity.VisualScripting.IonicZip.dll
Native extension for WindowsStandalone target not found
Refreshing native plugins compatible for Editor in 142.76 ms, found 4 plugins.
Preloading 0 native plugins for Editor in 0.00 ms.
Mono: successfully reloaded assembly
- Completed reload, in  1.621 seconds
Domain Reload Profiling:
	ReloadAssembly (1622ms)
		BeginReloadAssembly (179ms)
			ExecutionOrderSort (0ms)
			DisableScriptedObjects (8ms)
			BackupInstance (0ms)
			ReleaseScriptingObjects (0ms)
			CreateAndSetChildDomain (26ms)
		EndReloadAssembly (1301ms)
			LoadAssemblies (167ms)
			RebuildTransferFunctionScriptingTraits (0ms)
			SetupTypeCache (366ms)
			ReleaseScriptCaches (1ms)
			RebuildScriptCaches (79ms)
			SetupLoadedEditorAssemblies (661ms)
				LogAssemblyErrors (0ms)
				InitializePlatformSupportModulesInManaged (4ms)
				SetLoadedEditorAssemblies (0ms)
				RefreshPlugins (143ms)
				BeforeProcessingInitializeOnLoad (118ms)
				ProcessInitializeOnLoadAttributes (342ms)
				ProcessInitializeOnLoadMethodAttributes (51ms)
				AfterProcessingInitializeOnLoad (2ms)
				EditorAssembliesLoaded (0ms)
			ExecutionOrderSort2 (0ms)
			AwakeInstancesAfterBackupRestoration (14ms)
Platform modules already initialized, skipping
========================================================================
Worker process is ready to serve import requests
Launched and connected shader compiler UnityShaderCompiler.exe after 0.12 seconds
Refreshing native plugins compatible for Editor in 1.88 ms, found 4 plugins.
Preloading 0 native plugins for Editor in 0.00 ms.
Unloading 4232 Unused Serialized files (Serialized files now loaded: 0)
Unloading 57 unused Assets / (300.1 KB). Loaded Objects now: 4682.
Memory consumption went from 162.1 MB to 161.8 MB.
Total: 3.981300 ms (FindLiveObjects: 0.363600 ms CreateObjectMapping: 0.336200 ms MarkObjects: 3.007600 ms  DeleteObjects: 0.272900 ms)

AssetImportParameters requested are different than current active one (requested -> active):
  custom:video-decoder-ogg-theora: a1e56fd34408186e4bbccfd4996cb3dc -> 
  custom:container-muxer-webm: aa71ff27fc2769a1b78a27578f13a17b -> 
  custom:container-demuxer-webm: 4f35f7cbe854078d1ac9338744f61a02 -> 
  custom:video-encoder-webm-vp8: eb34c28f22e8b96e1ab97ce403110664 -> 
  custom:audio-encoder-webm-vorbis: bf7c407c2cedff20999df2af8eb42d56 -> 
  custom:framework-win-MediaFoundation: 216162199b28c13a410421893ffa2e32 -> 
  custom:container-demuxer-ogg: 62fdf1f143b41e24485cea50d1cbac27 -> 
  custom:video-decoder-webm-vp8: 9c59270c3fd7afecdb556c50c9e8de78 -> 
  custom:audio-decoder-ogg-vorbis: bf7c407c2cedff20999df2af8eb42d56 -> 
========================================================================
Received Import Request.
  Time since last request: 544848.004804 seconds.
  path: Assets/M/M_Animation/M_Character/Player_Walking_Right.anim
  artifactKey: Guid(bd66771da79ba8449ab54af371c86922) Importer(815301076,1909f56bfc062723c751e8b465ee728b)
Start importing Assets/M/M_Animation/M_Character/Player_Walking_Right.anim using Guid(bd66771da79ba8449ab54af371c86922) Importer(815301076,1909f56bfc062723c751e8b465ee728b)  -> (artifact id: 'befad77a3088cd51557eb5bbb6cd8580') in 0.051821 seconds 
========================================================================
Received Import Request.
  Time since last request: 0.004016 seconds.
  path: Assets/M/M_Animation/M_Character/Player_Walking_Up.anim
  artifactKey: Guid(daaae6058021ff447b35339370b676ad) Importer(815301076,1909f56bfc062723c751e8b465ee728b)
Start importing Assets/M/M_Animation/M_Character/Player_Walking_Up.anim using Guid(daaae6058021ff447b35339370b676ad) Importer(815301076,1909f56bfc062723c751e8b465ee728b)  -> (artifact id: '7aede2670848d04d9909b66749f31e94') in 0.007410 seconds 
========================================================================
Received Import Request.
  Time since last request: 0.004691 seconds.
  path: Assets/M/M_Animation/M_Character/Player_Walking_Down.anim
  artifactKey: Guid(312a3d68296bab341be031386daa49c7) Importer(815301076,1909f56bfc062723c751e8b465ee728b)
Start importing Assets/M/M_Animation/M_Character/Player_Walking_Down.anim using Guid(312a3d68296bab341be031386daa49c7) Importer(815301076,1909f56bfc062723c751e8b465ee728b)  -> (artifact id: 'a894cebc2878de799122a9172869a6d6') in 0.007535 seconds 
========================================================================
Received Import Request.
  Time since last request: 0.008942 seconds.
  path: Assets/M/M_Animation/M_Character/Player.controller
  artifactKey: Guid(ba7098f21dfd3d344bf319afa74fb031) Importer(815301076,1909f56bfc062723c751e8b465ee728b)
Start importing Assets/M/M_Animation/M_Character/Player.controller using Guid(ba7098f21dfd3d344bf319afa74fb031) Importer(815301076,1909f56bfc062723c751e8b465ee728b)  -> (artifact id: '19cecc027cb94570e81030f0d1639f6b') in 0.014922 seconds 
========================================================================
Received Import Request.
  Time since last request: 0.006376 seconds.
  path: Assets/M/M_Animation/M_Character/Player_Standing_Left.anim
  artifactKey: Guid(eb262914180d06646b7df1ab6a3dec7e) Importer(815301076,1909f56bfc062723c751e8b465ee728b)
Start importing Assets/M/M_Animation/M_Character/Player_Standing_Left.anim using Guid(eb262914180d06646b7df1ab6a3dec7e) Importer(815301076,1909f56bfc062723c751e8b465ee728b)  -> (artifact id: 'df3c512229180a43acfc9dd3c6d8f1ef') in 0.006626 seconds 
========================================================================
Received Import Request.
  Time since last request: 0.010106 seconds.
  path: Assets/M/M_Animation/M_Character/Player_Standing_Up.anim
  artifactKey: Guid(1690cd92fb516824ea3e78ccb2c0f068) Importer(815301076,1909f56bfc062723c751e8b465ee728b)
Start importing Assets/M/M_Animation/M_Character/Player_Standing_Up.anim using Guid(1690cd92fb516824ea3e78ccb2c0f068) Importer(815301076,1909f56bfc062723c751e8b465ee728b)  -> (artifact id: '728849cbde017da7e7ecaeab55f1fb43') in 0.007566 seconds 
========================================================================
Received Import Request.
  Time since last request: 0.002476 seconds.
  path: Assets/7_ALL.unity
  artifactKey: Guid(339ec5ebb0f8bac44929e5e544be530b) Importer(815301076,1909f56bfc062723c751e8b465ee728b)
Start importing Assets/7_ALL.unity using Guid(339ec5ebb0f8bac44929e5e544be530b) Importer(815301076,1909f56bfc062723c751e8b465ee728b)  -> (artifact id: '973bf44d55f95d2a2bc379cf0fc9177a') in 0.007024 seconds 
========================================================================
Received Import Request.
  Time since last request: 0.004991 seconds.
  path: Assets/M/M_Animation/M_Character/Player_Walking_Left.anim
  artifactKey: Guid(ead9872bb89404041b6b1c5310efff5a) Importer(815301076,1909f56bfc062723c751e8b465ee728b)
Start importing Assets/M/M_Animation/M_Character/Player_Walking_Left.anim using Guid(ead9872bb89404041b6b1c5310efff5a) Importer(815301076,1909f56bfc062723c751e8b465ee728b)  -> (artifact id: '8ef4530ed0853e4b617e442c437b1f7d') in 0.007178 seconds 
========================================================================
Received Import Request.
  Time since last request: 0.043293 seconds.
  path: Assets/M/M_Animation/M_Character/Player_Standing_Down.anim
  artifactKey: Guid(6a717ba3812818e49aae59638993fee0) Importer(815301076,1909f56bfc062723c751e8b465ee728b)
Start importing Assets/M/M_Animation/M_Character/Player_Standing_Down.anim using Guid(6a717ba3812818e49aae59638993fee0) Importer(815301076,1909f56bfc062723c751e8b465ee728b)  -> (artifact id: '27af7dfc5a22f091f793a90ceca88190') in 0.006640 seconds 
