Using pre-set license
Built from '2021.3/staging' branch; Version is '2021.3.11f1 (0a5ca18544bf) revision 679073'; Using compiler version '192829333'; Build Type 'Release'
OS: 'Windows 11  (10.0.22621) 64bit Core' Language: 'ko' Physical Memory: 12139 MB
BatchMode: 1, IsHumanControllingUs: 0, StartBugReporterOnCrash: 0, Is64bit: 1, IsPro: 1

COMMAND LINE ARGUMENTS:
D:\Program Files\Unity Hub\2021.3.11f1\Editor\Unity.exe
-adb2
-batchMode
-noUpm
-name
AssetImportWorker2
-projectPath
D:/git/UnityGame_Monster/Monster
-logFile
Logs/AssetImportWorker2.log
-srvPort
9399
Successfully changed project path to: D:/git/UnityGame_Monster/Monster
D:/git/UnityGame_Monster/Monster
[UnityMemory] Configuration Parameters - Can be set up in boot.config
    "memorysetup-bucket-allocator-granularity=16"
    "memorysetup-bucket-allocator-bucket-count=8"
    "memorysetup-bucket-allocator-block-size=33554432"
    "memorysetup-bucket-allocator-block-count=8"
    "memorysetup-main-allocator-block-size=16777216"
    "memorysetup-thread-allocator-block-size=16777216"
    "memorysetup-gfx-main-allocator-block-size=16777216"
    "memorysetup-gfx-thread-allocator-block-size=16777216"
    "memorysetup-cache-allocator-block-size=4194304"
    "memorysetup-typetree-allocator-block-size=2097152"
    "memorysetup-profiler-bucket-allocator-granularity=16"
    "memorysetup-profiler-bucket-allocator-bucket-count=8"
    "memorysetup-profiler-bucket-allocator-block-size=33554432"
    "memorysetup-profiler-bucket-allocator-block-count=8"
    "memorysetup-profiler-allocator-block-size=16777216"
    "memorysetup-profiler-editor-allocator-block-size=1048576"
    "memorysetup-temp-allocator-size-main=16777216"
    "memorysetup-job-temp-allocator-block-size=2097152"
    "memorysetup-job-temp-allocator-block-size-background=1048576"
    "memorysetup-job-temp-allocator-reduction-small-platforms=262144"
    "memorysetup-temp-allocator-size-background-worker=32768"
    "memorysetup-temp-allocator-size-job-worker=262144"
    "memorysetup-temp-allocator-size-preload-manager=33554432"
    "memorysetup-temp-allocator-size-nav-mesh-worker=65536"
    "memorysetup-temp-allocator-size-audio-worker=65536"
    "memorysetup-temp-allocator-size-cloud-worker=32768"
    "memorysetup-temp-allocator-size-gi-baking-worker=262144"
    "memorysetup-temp-allocator-size-gfx=262144"
Refreshing native plugins compatible for Editor in 145.97 ms, found 4 plugins.
Preloading 0 native plugins for Editor in 0.00 ms.
Initialize engine version: 2021.3.11f1 (0a5ca18544bf)
[Subsystems] Discovering subsystems at path D:/Program Files/Unity Hub/2021.3.11f1/Editor/Data/Resources/UnitySubsystems
[Subsystems] Discovering subsystems at path D:/git/UnityGame_Monster/Monster/Assets
GfxDevice: creating device client; threaded=0; jobified=0
Direct3D:
    Version:  Direct3D 11.0 [level 11.1]
    Renderer: NVIDIA GeForce MX250 (ID=0x1d13)
    Vendor:   NVIDIA
    VRAM:     1983 MB
    Driver:   30.0.15.1169
Initialize mono
Mono path[0] = 'D:/Program Files/Unity Hub/2021.3.11f1/Editor/Data/Managed'
Mono path[1] = 'D:/Program Files/Unity Hub/2021.3.11f1/Editor/Data/MonoBleedingEdge/lib/mono/unityjit-win32'
Mono config path = 'D:/Program Files/Unity Hub/2021.3.11f1/Editor/Data/MonoBleedingEdge/etc'
Using monoOptions --debugger-agent=transport=dt_socket,embedding=1,server=y,suspend=n,address=127.0.0.1:56264
Begin MonoManager ReloadAssembly
Registering precompiled unity dll's ...
Register platform support module: D:/Program Files/Unity Hub/2021.3.11f1/Editor/Data/PlaybackEngines/WindowsStandaloneSupport/UnityEditor.WindowsStandalone.Extensions.dll
Registered in 0.002401 seconds.
Native extension for WindowsStandalone target not found
Refreshing native plugins compatible for Editor in 153.85 ms, found 4 plugins.
Preloading 0 native plugins for Editor in 0.00 ms.
Mono: successfully reloaded assembly
- Completed reload, in  0.951 seconds
Domain Reload Profiling:
	ReloadAssembly (952ms)
		BeginReloadAssembly (134ms)
			ExecutionOrderSort (0ms)
			DisableScriptedObjects (0ms)
			BackupInstance (0ms)
			ReleaseScriptingObjects (0ms)
			CreateAndSetChildDomain (1ms)
		EndReloadAssembly (680ms)
			LoadAssemblies (133ms)
			RebuildTransferFunctionScriptingTraits (0ms)
			SetupTypeCache (147ms)
			ReleaseScriptCaches (0ms)
			RebuildScriptCaches (39ms)
			SetupLoadedEditorAssemblies (430ms)
				LogAssemblyErrors (0ms)
				InitializePlatformSupportModulesInManaged (9ms)
				SetLoadedEditorAssemblies (0ms)
				RefreshPlugins (154ms)
				BeforeProcessingInitializeOnLoad (1ms)
				ProcessInitializeOnLoadAttributes (186ms)
				ProcessInitializeOnLoadMethodAttributes (79ms)
				AfterProcessingInitializeOnLoad (0ms)
				EditorAssembliesLoaded (0ms)
			ExecutionOrderSort2 (0ms)
			AwakeInstancesAfterBackupRestoration (0ms)
Platform modules already initialized, skipping
Registering precompiled user dll's ...
Registered in 0.009738 seconds.
Begin MonoManager ReloadAssembly
Symbol file LoadedFromMemory doesn't match image D:\git\UnityGame_Monster\Monster\Library\PackageCache\com.unity.visualscripting@1.7.8\Editor\VisualScripting.Core\Dependencies\YamlDotNet\Unity.VisualScripting.YamlDotNet.dll
Symbol file LoadedFromMemory doesn't match image D:\git\UnityGame_Monster\Monster\Library\PackageCache\com.unity.visualscripting@1.7.8\Editor\VisualScripting.Core\Dependencies\DotNetZip\Unity.VisualScripting.IonicZip.dll
Native extension for WindowsStandalone target not found
Refreshing native plugins compatible for Editor in 154.00 ms, found 4 plugins.
Preloading 0 native plugins for Editor in 0.00 ms.
Mono: successfully reloaded assembly
- Completed reload, in  1.766 seconds
Domain Reload Profiling:
	ReloadAssembly (1767ms)
		BeginReloadAssembly (175ms)
			ExecutionOrderSort (0ms)
			DisableScriptedObjects (10ms)
			BackupInstance (0ms)
			ReleaseScriptingObjects (0ms)
			CreateAndSetChildDomain (25ms)
		EndReloadAssembly (1428ms)
			LoadAssemblies (150ms)
			RebuildTransferFunctionScriptingTraits (0ms)
			SetupTypeCache (374ms)
			ReleaseScriptCaches (1ms)
			RebuildScriptCaches (89ms)
			SetupLoadedEditorAssemblies (766ms)
				LogAssemblyErrors (0ms)
				InitializePlatformSupportModulesInManaged (7ms)
				SetLoadedEditorAssemblies (0ms)
				RefreshPlugins (154ms)
				BeforeProcessingInitializeOnLoad (134ms)
				ProcessInitializeOnLoadAttributes (405ms)
				ProcessInitializeOnLoadMethodAttributes (63ms)
				AfterProcessingInitializeOnLoad (2ms)
				EditorAssembliesLoaded (0ms)
			ExecutionOrderSort2 (0ms)
			AwakeInstancesAfterBackupRestoration (17ms)
Platform modules already initialized, skipping
========================================================================
Worker process is ready to serve import requests
Launched and connected shader compiler UnityShaderCompiler.exe after 0.09 seconds
Refreshing native plugins compatible for Editor in 1.76 ms, found 4 plugins.
Preloading 0 native plugins for Editor in 0.00 ms.
Unloading 4425 Unused Serialized files (Serialized files now loaded: 0)
Unloading 69 unused Assets / (1.5 MB). Loaded Objects now: 4863.
Memory consumption went from 177.4 MB to 175.9 MB.
Total: 5.244000 ms (FindLiveObjects: 0.417500 ms CreateObjectMapping: 0.373600 ms MarkObjects: 3.868700 ms  DeleteObjects: 0.582600 ms)

AssetImportParameters requested are different than current active one (requested -> active):
  custom:video-decoder-ogg-theora: a1e56fd34408186e4bbccfd4996cb3dc -> 
  custom:container-muxer-webm: aa71ff27fc2769a1b78a27578f13a17b -> 
  custom:container-demuxer-webm: 4f35f7cbe854078d1ac9338744f61a02 -> 
  custom:video-encoder-webm-vp8: eb34c28f22e8b96e1ab97ce403110664 -> 
  custom:audio-encoder-webm-vorbis: bf7c407c2cedff20999df2af8eb42d56 -> 
  custom:framework-win-MediaFoundation: 216162199b28c13a410421893ffa2e32 -> 
  custom:container-demuxer-ogg: 62fdf1f143b41e24485cea50d1cbac27 -> 
  custom:video-decoder-webm-vp8: 9c59270c3fd7afecdb556c50c9e8de78 -> 
  custom:audio-decoder-ogg-vorbis: bf7c407c2cedff20999df2af8eb42d56 -> 
========================================================================
Received Import Request.
  Time since last request: 360745.067854 seconds.
  path: Assets/M/Script/Event 1.cs
  artifactKey: Guid(8832dedffb801984ca16cb1a86332ca6) Importer(815301076,1909f56bfc062723c751e8b465ee728b)
Start importing Assets/M/Script/Event 1.cs using Guid(8832dedffb801984ca16cb1a86332ca6) Importer(815301076,1909f56bfc062723c751e8b465ee728b)  -> (artifact id: '167f3e636459864570e1741acc269e96') in 0.052258 seconds 
========================================================================
Received Import Request.
  Time since last request: 25.450218 seconds.
  path: Assets/S/Scripts/Item.cs
  artifactKey: Guid(9735b4ae0337afc41a3ef18861e7f5b9) Importer(815301076,1909f56bfc062723c751e8b465ee728b)
Start importing Assets/S/Scripts/Item.cs using Guid(9735b4ae0337afc41a3ef18861e7f5b9) Importer(815301076,1909f56bfc062723c751e8b465ee728b)  -> (artifact id: '639b7c05337b0db40b0c49569331d2b9') in 0.006400 seconds 
========================================================================
Received Import Request.
  Time since last request: 0.924202 seconds.
  path: Assets/S/Scripts/ItemPickup.cs
  artifactKey: Guid(40cf90aacb9e9c54293e3cf9c575f26c) Importer(815301076,1909f56bfc062723c751e8b465ee728b)
Start importing Assets/S/Scripts/ItemPickup.cs using Guid(40cf90aacb9e9c54293e3cf9c575f26c) Importer(815301076,1909f56bfc062723c751e8b465ee728b)  -> (artifact id: 'e2d5f7e7f2951b54742a0497ca533d15') in 0.014439 seconds 
========================================================================
Received Import Request.
  Time since last request: 1533.506640 seconds.
  path: Assets/M/Script/PlayManager.cs
  artifactKey: Guid(6b367b031a9d7654d90cb38bba7debaa) Importer(815301076,1909f56bfc062723c751e8b465ee728b)
Start importing Assets/M/Script/PlayManager.cs using Guid(6b367b031a9d7654d90cb38bba7debaa) Importer(815301076,1909f56bfc062723c751e8b465ee728b)  -> (artifact id: 'd1c750e7127f634300d52fd0c7b70211') in 0.027104 seconds 
========================================================================
Received Import Request.
  Time since last request: 15.976358 seconds.
  path: Assets/S/Scripts/OrderManager.cs
  artifactKey: Guid(3dc69483c1b5e2f41a363e2401b6fd9e) Importer(815301076,1909f56bfc062723c751e8b465ee728b)
Start importing Assets/S/Scripts/OrderManager.cs using Guid(3dc69483c1b5e2f41a363e2401b6fd9e) Importer(815301076,1909f56bfc062723c751e8b465ee728b)  -> (artifact id: 'ffbd8d014f3586f7f4c52b9ecd914649') in 0.009937 seconds 
========================================================================
Received Import Request.
  Time since last request: 55.079488 seconds.
  path: Assets/M/Script/PlayerManager.cs
  artifactKey: Guid(6b367b031a9d7654d90cb38bba7debaa) Importer(815301076,1909f56bfc062723c751e8b465ee728b)
Start importing Assets/M/Script/PlayerManager.cs using Guid(6b367b031a9d7654d90cb38bba7debaa) Importer(815301076,1909f56bfc062723c751e8b465ee728b)  -> (artifact id: '3eb3c2925e072d70e6bd69c908f43b42') in 0.034107 seconds 
========================================================================
Received Import Request.
  Time since last request: 30.654895 seconds.
  path: Assets/M/Script/PlayerManager.cs
  artifactKey: Guid(6b367b031a9d7654d90cb38bba7debaa) Importer(815301076,1909f56bfc062723c751e8b465ee728b)
Start importing Assets/M/Script/PlayerManager.cs using Guid(6b367b031a9d7654d90cb38bba7debaa) Importer(815301076,1909f56bfc062723c751e8b465ee728b)  -> (artifact id: '282cfedb5e1a4395ff02698059e0deed') in 0.013117 seconds 
========================================================================
Received Import Request.
  Time since last request: 68.611090 seconds.
  path: Assets/M/Script/PlayManager.cs
  artifactKey: Guid(6b367b031a9d7654d90cb38bba7debaa) Importer(815301076,1909f56bfc062723c751e8b465ee728b)
Start importing Assets/M/Script/PlayManager.cs using Guid(6b367b031a9d7654d90cb38bba7debaa) Importer(815301076,1909f56bfc062723c751e8b465ee728b)  -> (artifact id: 'c64f75ae6a8b892e6af9b508dac0b5c8') in 0.010079 seconds 
========================================================================
Received Import Request.
  Time since last request: 25.335418 seconds.
  path: Assets/M/Script/MovingObject.cs
  artifactKey: Guid(8fea208dda8ff664aab289d71e36e746) Importer(815301076,1909f56bfc062723c751e8b465ee728b)
Start importing Assets/M/Script/MovingObject.cs using Guid(8fea208dda8ff664aab289d71e36e746) Importer(815301076,1909f56bfc062723c751e8b465ee728b)  -> (artifact id: '85ac6dc91745d00f73820ece025c5670') in 0.007460 seconds 
========================================================================
Received Import Request.
  Time since last request: 9.878665 seconds.
  path: Assets/M/Script/MovingObject.cs
  artifactKey: Guid(8fea208dda8ff664aab289d71e36e746) Importer(815301076,1909f56bfc062723c751e8b465ee728b)
Start importing Assets/M/Script/MovingObject.cs using Guid(8fea208dda8ff664aab289d71e36e746) Importer(815301076,1909f56bfc062723c751e8b465ee728b)  -> (artifact id: '8a00b225971734078dee2949f69e40aa') in 0.002993 seconds 
========================================================================
Received Import Request.
  Time since last request: 2363.747619 seconds.
  path: Assets/M/Script/Dialogue.cs
  artifactKey: Guid(5675d5586bafede41b01ff7b6ea8995c) Importer(815301076,1909f56bfc062723c751e8b465ee728b)
Start importing Assets/M/Script/Dialogue.cs using Guid(5675d5586bafede41b01ff7b6ea8995c) Importer(815301076,1909f56bfc062723c751e8b465ee728b)  -> (artifact id: '8a17a6bcd0c5e8a2f16fc165ccba828f') in 0.025191 seconds 
========================================================================
Received Import Request.
  Time since last request: 10.941436 seconds.
  path: Assets/M/Script/Dialogue.cs
  artifactKey: Guid(5675d5586bafede41b01ff7b6ea8995c) Importer(815301076,1909f56bfc062723c751e8b465ee728b)
Start importing Assets/M/Script/Dialogue.cs using Guid(5675d5586bafede41b01ff7b6ea8995c) Importer(815301076,1909f56bfc062723c751e8b465ee728b)  -> (artifact id: '5c36499517f985f0001fc343eea1f36c') in 0.025322 seconds 
========================================================================
Received Import Request.
  Time since last request: 11.281886 seconds.
  path: Assets/M/Script/DialogueManager.cs
  artifactKey: Guid(5675d5586bafede41b01ff7b6ea8995c) Importer(815301076,1909f56bfc062723c751e8b465ee728b)
Start importing Assets/M/Script/DialogueManager.cs using Guid(5675d5586bafede41b01ff7b6ea8995c) Importer(815301076,1909f56bfc062723c751e8b465ee728b)  -> (artifact id: '493418e6da4dba08c7c550d29fbadbff') in 0.016448 seconds 
========================================================================
Received Import Request.
  Time since last request: 84.268779 seconds.
  path: Assets/M/Script/P.cs
  artifactKey: Guid(303d89d1dda255042b56d9d941c1c8e7) Importer(815301076,1909f56bfc062723c751e8b465ee728b)
Start importing Assets/M/Script/P.cs using Guid(303d89d1dda255042b56d9d941c1c8e7) Importer(815301076,1909f56bfc062723c751e8b465ee728b)  -> (artifact id: 'b30f58a0370baf7173118bfa5883ae39') in 0.031611 seconds 
========================================================================
Received Import Request.
  Time since last request: 10.504418 seconds.
  path: Assets/M/Script/P.cs
  artifactKey: Guid(303d89d1dda255042b56d9d941c1c8e7) Importer(815301076,1909f56bfc062723c751e8b465ee728b)
Start importing Assets/M/Script/P.cs using Guid(303d89d1dda255042b56d9d941c1c8e7) Importer(815301076,1909f56bfc062723c751e8b465ee728b)  -> (artifact id: '9159881ccd4fdccf771ea7a0b53064ad') in 0.006941 seconds 
========================================================================
Received Import Request.
  Time since last request: 2.513959 seconds.
  path: Assets/M/Script/FadeManager.cs
  artifactKey: Guid(303d89d1dda255042b56d9d941c1c8e7) Importer(815301076,1909f56bfc062723c751e8b465ee728b)
Start importing Assets/M/Script/FadeManager.cs using Guid(303d89d1dda255042b56d9d941c1c8e7) Importer(815301076,1909f56bfc062723c751e8b465ee728b)  -> (artifact id: '0cd9274c1a2991ea3a6d732bdf259827') in 0.011327 seconds 
========================================================================
Received Import Request.
  Time since last request: 39.100833 seconds.
  path: Assets/M/Script/NewBehaviourScript.cs
  artifactKey: Guid(9ba8ef745537eb04ca39b4c88609438c) Importer(815301076,1909f56bfc062723c751e8b465ee728b)
Start importing Assets/M/Script/NewBehaviourScript.cs using Guid(9ba8ef745537eb04ca39b4c88609438c) Importer(815301076,1909f56bfc062723c751e8b465ee728b)  -> (artifact id: '59dd86b5128f2292a9760a5dbaedede2') in 0.036131 seconds 
========================================================================
Received Import Request.
  Time since last request: 9.127832 seconds.
  path: Assets/M/Script/NewBehaviourScript.cs
  artifactKey: Guid(9ba8ef745537eb04ca39b4c88609438c) Importer(815301076,1909f56bfc062723c751e8b465ee728b)
Start importing Assets/M/Script/NewBehaviourScript.cs using Guid(9ba8ef745537eb04ca39b4c88609438c) Importer(815301076,1909f56bfc062723c751e8b465ee728b)  -> (artifact id: '5a1c90e466d0d5778e9e4ab2801838b1') in 0.035371 seconds 
========================================================================
Received Import Request.
  Time since last request: 4.769053 seconds.
  path: Assets/M/Script/LightController.cs
  artifactKey: Guid(9ba8ef745537eb04ca39b4c88609438c) Importer(815301076,1909f56bfc062723c751e8b465ee728b)
Start importing Assets/M/Script/LightController.cs using Guid(9ba8ef745537eb04ca39b4c88609438c) Importer(815301076,1909f56bfc062723c751e8b465ee728b)  -> (artifact id: '93b388de8b5ac5fa7f9a447ec9c75864') in 0.010238 seconds 
========================================================================
Received Import Request.
  Time since last request: 29.788628 seconds.
  path: Assets/M/Script/NewBehaviourScript.cs
  artifactKey: Guid(463205b84d0df6a4495d7597a2d8139f) Importer(815301076,1909f56bfc062723c751e8b465ee728b)
Start importing Assets/M/Script/NewBehaviourScript.cs using Guid(463205b84d0df6a4495d7597a2d8139f) Importer(815301076,1909f56bfc062723c751e8b465ee728b)  -> (artifact id: '8a153e713f32867877325a5bc7a38e83') in 0.002970 seconds 
========================================================================
Received Import Request.
  Time since last request: 12.996325 seconds.
  path: Assets/M/Script/NewBehaviourScript.cs
  artifactKey: Guid(463205b84d0df6a4495d7597a2d8139f) Importer(815301076,1909f56bfc062723c751e8b465ee728b)
Start importing Assets/M/Script/NewBehaviourScript.cs using Guid(463205b84d0df6a4495d7597a2d8139f) Importer(815301076,1909f56bfc062723c751e8b465ee728b)  -> (artifact id: 'e0c3b18690c365a2463e9cdc62bfe56d') in 0.011605 seconds 
========================================================================
Received Import Request.
  Time since last request: 2.600402 seconds.
  path: Assets/M/Script/ChoiceManager.cs
  artifactKey: Guid(463205b84d0df6a4495d7597a2d8139f) Importer(815301076,1909f56bfc062723c751e8b465ee728b)
Start importing Assets/M/Script/ChoiceManager.cs using Guid(463205b84d0df6a4495d7597a2d8139f) Importer(815301076,1909f56bfc062723c751e8b465ee728b)  -> (artifact id: 'a81aa5ce514aaabf8a6060abcba4ad65') in 0.011348 seconds 
========================================================================
Received Import Request.
  Time since last request: 212.854535 seconds.
  path: Assets/S/Scripts/Inventory.cs
  artifactKey: Guid(74d766df6d050b449a81bcd0f6e0ed67) Importer(815301076,1909f56bfc062723c751e8b465ee728b)
Start importing Assets/S/Scripts/Inventory.cs using Guid(74d766df6d050b449a81bcd0f6e0ed67) Importer(815301076,1909f56bfc062723c751e8b465ee728b)  -> (artifact id: 'b0899613827af6e17e2f9e5a5ed24377') in 0.013207 seconds 
